<?xml version="1.0" encoding="UTF-8"?>
<!-- Generated by org.testng.reporters.JUnitReportReporter -->
<testsuite hostname="DESKTOP-CA0AGJC" failures="0" tests="1" name="JenkinsLogin" time="4.731" errors="0" timestamp="2024-06-26T09:28:39 IST" skipped="0">
  <testcase classname="JenkinsLogin" name="testLogin" time="4.731"/>
</testsuite> <!-- JenkinsLogin -->
