<?xml version="1.0" encoding="UTF-8"?>
<!-- Generated by org.testng.reporters.JUnitReportReporter -->
<testsuite hostname="DESKTOP-CA0AGJC" failures="0" tests="1" name="CDACDemo.JenkinsLogin" time="4.685" errors="0" timestamp="2024-06-26T09:35:51 IST" skipped="0">
  <testcase classname="CDACDemo.JenkinsLogin" name="testLogin" time="4.685"/>
</testsuite> <!-- CDACDemo.JenkinsLogin -->
